<?xml version="1.0" encoding="UTF-8"?>
<testsuite xmlns:xsi="http://www.w3.org/2001/XMLSchema-instance" xsi:noNamespaceSchemaLocation="https://maven.apache.org/surefire/maven-surefire-plugin/xsd/surefire-test-report.xsd" name="com.example.gemfirebackend.GemfireBackendApplicationTests" time="4.165" tests="1" errors="0" skipped="0" failures="0">
  <properties>
    <property name="java.specification.version" value="16"/>
    <property name="sun.jnu.encoding" value="UTF-8"/>
    <property name="java.class.path" value="/Users/snuntaviriya/Desktop/gemfire/gemfire-spring-poc/gemfire-backend/target/test-classes:/Users/snuntaviriya/Desktop/gemfire/gemfire-spring-poc/gemfire-backend/target/classes:/Users/snuntaviriya/.m2/repository/org/springframework/boot/spring-boot-starter-web/2.6.0/spring-boot-starter-web-2.6.0.jar:/Users/snuntaviriya/.m2/repository/org/springframework/boot/spring-boot-starter/2.6.0/spring-boot-starter-2.6.0.jar:/Users/snuntaviriya/.m2/repository/org/springframework/boot/spring-boot/2.6.0/spring-boot-2.6.0.jar:/Users/snuntaviriya/.m2/repository/org/springframework/boot/spring-boot-autoconfigure/2.6.0/spring-boot-autoconfigure-2.6.0.jar:/Users/snuntaviriya/.m2/repository/org/springframework/boot/spring-boot-starter-logging/2.6.0/spring-boot-starter-logging-2.6.0.jar:/Users/snuntaviriya/.m2/repository/ch/qos/logback/logback-classic/1.2.7/logback-classic-1.2.7.jar:/Users/snuntaviriya/.m2/repository/ch/qos/logback/logback-core/1.2.7/logback-core-1.2.7.jar:/Users/snuntaviriya/.m2/repository/org/apache/logging/log4j/log4j-to-slf4j/2.14.1/log4j-to-slf4j-2.14.1.jar:/Users/snuntaviriya/.m2/repository/org/apache/logging/log4j/log4j-api/2.14.1/log4j-api-2.14.1.jar:/Users/snuntaviriya/.m2/repository/org/slf4j/jul-to-slf4j/1.7.32/jul-to-slf4j-1.7.32.jar:/Users/snuntaviriya/.m2/repository/jakarta/annotation/jakarta.annotation-api/1.3.5/jakarta.annotation-api-1.3.5.jar:/Users/snuntaviriya/.m2/repository/org/yaml/snakeyaml/1.29/snakeyaml-1.29.jar:/Users/snuntaviriya/.m2/repository/org/springframework/boot/spring-boot-starter-json/2.6.0/spring-boot-starter-json-2.6.0.jar:/Users/snuntaviriya/.m2/repository/com/fasterxml/jackson/core/jackson-databind/2.13.0/jackson-databind-2.13.0.jar:/Users/snuntaviriya/.m2/repository/com/fasterxml/jackson/core/jackson-annotations/2.13.0/jackson-annotations-2.13.0.jar:/Users/snuntaviriya/.m2/repository/com/fasterxml/jackson/core/jackson-core/2.13.0/jackson-core-2.13.0.jar:/Users/snuntaviriya/.m2/repository/com/fasterxml/jackson/datatype/jackson-datatype-jdk8/2.13.0/jackson-datatype-jdk8-2.13.0.jar:/Users/snuntaviriya/.m2/repository/com/fasterxml/jackson/datatype/jackson-datatype-jsr310/2.13.0/jackson-datatype-jsr310-2.13.0.jar:/Users/snuntaviriya/.m2/repository/com/fasterxml/jackson/module/jackson-module-parameter-names/2.13.0/jackson-module-parameter-names-2.13.0.jar:/Users/snuntaviriya/.m2/repository/org/springframework/boot/spring-boot-starter-tomcat/2.6.0/spring-boot-starter-tomcat-2.6.0.jar:/Users/snuntaviriya/.m2/repository/org/apache/tomcat/embed/tomcat-embed-core/9.0.55/tomcat-embed-core-9.0.55.jar:/Users/snuntaviriya/.m2/repository/org/apache/tomcat/embed/tomcat-embed-el/9.0.55/tomcat-embed-el-9.0.55.jar:/Users/snuntaviriya/.m2/repository/org/apache/tomcat/embed/tomcat-embed-websocket/9.0.55/tomcat-embed-websocket-9.0.55.jar:/Users/snuntaviriya/.m2/repository/org/springframework/spring-web/5.3.13/spring-web-5.3.13.jar:/Users/snuntaviriya/.m2/repository/org/springframework/spring-beans/5.3.13/spring-beans-5.3.13.jar:/Users/snuntaviriya/.m2/repository/org/springframework/spring-webmvc/5.3.13/spring-webmvc-5.3.13.jar:/Users/snuntaviriya/.m2/repository/org/springframework/spring-aop/5.3.13/spring-aop-5.3.13.jar:/Users/snuntaviriya/.m2/repository/org/springframework/spring-context/5.3.13/spring-context-5.3.13.jar:/Users/snuntaviriya/.m2/repository/org/springframework/spring-expression/5.3.13/spring-expression-5.3.13.jar:/Users/snuntaviriya/.m2/repository/org/springframework/geode/spring-geode-starter/1.6.0/spring-geode-starter-1.6.0.jar:/Users/snuntaviriya/.m2/repository/org/springframework/geode/spring-geode/1.6.0/spring-geode-1.6.0.jar:/Users/snuntaviriya/.m2/repository/org/springframework/data/spring-data-geode/2.6.0/spring-data-geode-2.6.0.jar:/Users/snuntaviriya/.m2/repository/org/apache/geode/geode-core/1.14.0/geode-core-1.14.0.jar:/Users/snuntaviriya/.m2/repository/io/micrometer/micrometer-core/1.8.0/micrometer-core-1.8.0.jar:/Users/snuntaviriya/.m2/repository/org/hdrhistogram/HdrHistogram/2.1.12/HdrHistogram-2.1.12.jar:/Users/snuntaviriya/.m2/repository/org/latencyutils/LatencyUtils/2.0.3/LatencyUtils-2.0.3.jar:/Users/snuntaviriya/.m2/repository/javax/resource/javax.resource-api/1.7.1/javax.resource-api-1.7.1.jar:/Users/snuntaviriya/.m2/repository/javax/transaction/javax.transaction-api/1.3/javax.transaction-api-1.3.jar:/Users/snuntaviriya/.m2/repository/org/apache/shiro/shiro-core/1.7.1/shiro-core-1.7.1.jar:/Users/snuntaviriya/.m2/repository/org/apache/shiro/shiro-lang/1.7.1/shiro-lang-1.7.1.jar:/Users/snuntaviriya/.m2/repository/org/apache/shiro/shiro-cache/1.7.1/shiro-cache-1.7.1.jar:/Users/snuntaviriya/.m2/repository/org/apache/shiro/shiro-crypto-hash/1.7.1/shiro-crypto-hash-1.7.1.jar:/Users/snuntaviriya/.m2/repository/org/apache/shiro/shiro-crypto-core/1.7.1/shiro-crypto-core-1.7.1.jar:/Users/snuntaviriya/.m2/repository/org/apache/shiro/shiro-crypto-cipher/1.7.1/shiro-crypto-cipher-1.7.1.jar:/Users/snuntaviriya/.m2/repository/org/apache/shiro/shiro-config-core/1.7.1/shiro-config-core-1.7.1.jar:/Users/snuntaviriya/.m2/repository/org/apache/shiro/shiro-config-ogdl/1.7.1/shiro-config-ogdl-1.7.1.jar:/Users/snuntaviriya/.m2/repository/org/apache/shiro/shiro-event/1.7.1/shiro-event-1.7.1.jar:/Users/snuntaviriya/.m2/repository/org/apache/geode/geode-common/1.14.0/geode-common-1.14.0.jar:/Users/snuntaviriya/.m2/repository/org/apache/geode/geode-management/1.14.0/geode-management-1.14.0.jar:/Users/snuntaviriya/.m2/repository/org/apache/httpcomponents/httpclient/4.5.13/httpclient-4.5.13.jar:/Users/snuntaviriya/.m2/repository/org/apache/httpcomponents/httpcore/4.4.14/httpcore-4.4.14.jar:/Users/snuntaviriya/.m2/repository/org/jgroups/jgroups/3.6.14.Final/jgroups-3.6.14.Final.jar:/Users/snuntaviriya/.m2/repository/commons-validator/commons-validator/1.7/commons-validator-1.7.jar:/Users/snuntaviriya/.m2/repository/commons-beanutils/commons-beanutils/1.9.4/commons-beanutils-1.9.4.jar:/Users/snuntaviriya/.m2/repository/commons-digester/commons-digester/2.1/commons-digester-2.1.jar:/Users/snuntaviriya/.m2/repository/commons-logging/commons-logging/1.2/commons-logging-1.2.jar:/Users/snuntaviriya/.m2/repository/commons-collections/commons-collections/3.2.2/commons-collections-3.2.2.jar:/Users/snuntaviriya/.m2/repository/javax/xml/bind/jaxb-api/2.3.1/jaxb-api-2.3.1.jar:/Users/snuntaviriya/.m2/repository/javax/activation/javax.activation-api/1.2.0/javax.activation-api-1.2.0.jar:/Users/snuntaviriya/.m2/repository/com/sun/xml/bind/jaxb-impl/2.3.2/jaxb-impl-2.3.2.jar:/Users/snuntaviriya/.m2/repository/org/apache/commons/commons-lang3/3.12.0/commons-lang3-3.12.0.jar:/Users/snuntaviriya/.m2/repository/it/unimi/dsi/fastutil/8.5.2/fastutil-8.5.2.jar:/Users/snuntaviriya/.m2/repository/net/java/dev/jna/jna/5.6.0/jna-5.6.0.jar:/Users/snuntaviriya/.m2/repository/net/java/dev/jna/jna-platform/5.6.0/jna-platform-5.6.0.jar:/Users/snuntaviriya/.m2/repository/net/sf/jopt-simple/jopt-simple/5.0.4/jopt-simple-5.0.4.jar:/Users/snuntaviriya/.m2/repository/io/github/classgraph/classgraph/4.8.52/classgraph-4.8.52.jar:/Users/snuntaviriya/.m2/repository/com/healthmarketscience/rmiio/rmiio/2.1.2/rmiio-2.1.2.jar:/Users/snuntaviriya/.m2/repository/org/apache/geode/geode-logging/1.14.0/geode-logging-1.14.0.jar:/Users/snuntaviriya/.m2/repository/org/apache/geode/geode-membership/1.14.0/geode-membership-1.14.0.jar:/Users/snuntaviriya/.m2/repository/com/github/stephenc/findbugs/findbugs-annotations/1.3.9-1/findbugs-annotations-1.3.9-1.jar:/Users/snuntaviriya/.m2/repository/org/apache/geode/geode-unsafe/1.14.0/geode-unsafe-1.14.0.jar:/Users/snuntaviriya/.m2/repository/org/apache/geode/geode-serialization/1.14.0/geode-serialization-1.14.0.jar:/Users/snuntaviriya/.m2/repository/org/apache/geode/geode-tcp-server/1.14.0/geode-tcp-server-1.14.0.jar:/Users/snuntaviriya/.m2/repository/com/sun/istack/istack-commons-runtime/4.0.0/istack-commons-runtime-4.0.0.jar:/Users/snuntaviriya/.m2/repository/org/apache/geode/geode-cq/1.14.0/geode-cq-1.14.0.jar:/Users/snuntaviriya/.m2/repository/org/apache/geode/geode-lucene/1.14.0/geode-lucene-1.14.0.jar:/Users/snuntaviriya/.m2/repository/org/apache/lucene/lucene-core/6.6.6/lucene-core-6.6.6.jar:/Users/snuntaviriya/.m2/repository/org/apache/geode/geode-gfsh/1.14.0/geode-gfsh-1.14.0.jar:/Users/snuntaviriya/.m2/repository/org/apache/lucene/lucene-analyzers-common/6.6.6/lucene-analyzers-common-6.6.6.jar:/Users/snuntaviriya/.m2/repository/org/apache/lucene/lucene-queryparser/6.6.6/lucene-queryparser-6.6.6.jar:/Users/snuntaviriya/.m2/repository/org/apache/lucene/lucene-queries/6.6.6/lucene-queries-6.6.6.jar:/Users/snuntaviriya/.m2/repository/mx4j/mx4j/3.0.2/mx4j-3.0.2.jar:/Users/snuntaviriya/.m2/repository/org/apache/lucene/lucene-analyzers-phonetic/6.6.6/lucene-analyzers-phonetic-6.6.6.jar:/Users/snuntaviriya/.m2/repository/commons-codec/commons-codec/1.15/commons-codec-1.15.jar:/Users/snuntaviriya/.m2/repository/org/apache/geode/geode-wan/1.14.0/geode-wan-1.14.0.jar:/Users/snuntaviriya/.m2/repository/org/springframework/spring-tx/5.3.13/spring-tx-5.3.13.jar:/Users/snuntaviriya/.m2/repository/org/springframework/data/spring-data-commons/2.6.0/spring-data-commons-2.6.0.jar:/Users/snuntaviriya/.m2/repository/antlr/antlr/2.7.7/antlr-2.7.7.jar:/Users/snuntaviriya/.m2/repository/org/apache/shiro/shiro-spring/1.7.1/shiro-spring-1.7.1.jar:/Users/snuntaviriya/.m2/repository/org/apache/shiro/shiro-web/1.7.1/shiro-web-1.7.1.jar:/Users/snuntaviriya/.m2/repository/org/owasp/encoder/encoder/1.2.2/encoder-1.2.2.jar:/Users/snuntaviriya/.m2/repository/org/aspectj/aspectjweaver/1.9.7/aspectjweaver-1.9.7.jar:/Users/snuntaviriya/.m2/repository/org/springframework/geode/apache-geode-extensions/1.6.0/apache-geode-extensions-1.6.0.jar:/Users/snuntaviriya/.m2/repository/org/springframework/spring-context-support/5.3.13/spring-context-support-5.3.13.jar:/Users/snuntaviriya/.m2/repository/org/springframework/spring-jcl/5.3.13/spring-jcl-5.3.13.jar:/Users/snuntaviriya/.m2/repository/org/springframework/geode/spring-geode-autoconfigure/1.6.0/spring-geode-autoconfigure-1.6.0.jar:/Users/snuntaviriya/.m2/repository/org/springframework/shell/spring-shell/1.2.0.RELEASE/spring-shell-1.2.0.RELEASE.jar:/Users/snuntaviriya/.m2/repository/com/google/guava/guava/17.0/guava-17.0.jar:/Users/snuntaviriya/.m2/repository/jline/jline/2.12/jline-2.12.jar:/Users/snuntaviriya/.m2/repository/commons-io/commons-io/2.4/commons-io-2.4.jar:/Users/snuntaviriya/.m2/repository/org/springframework/boot/spring-boot-starter-test/2.6.0/spring-boot-starter-test-2.6.0.jar:/Users/snuntaviriya/.m2/repository/org/springframework/boot/spring-boot-test/2.6.0/spring-boot-test-2.6.0.jar:/Users/snuntaviriya/.m2/repository/org/springframework/boot/spring-boot-test-autoconfigure/2.6.0/spring-boot-test-autoconfigure-2.6.0.jar:/Users/snuntaviriya/.m2/repository/com/jayway/jsonpath/json-path/2.6.0/json-path-2.6.0.jar:/Users/snuntaviriya/.m2/repository/net/minidev/json-smart/2.4.7/json-smart-2.4.7.jar:/Users/snuntaviriya/.m2/repository/net/minidev/accessors-smart/2.4.7/accessors-smart-2.4.7.jar:/Users/snuntaviriya/.m2/repository/org/ow2/asm/asm/9.1/asm-9.1.jar:/Users/snuntaviriya/.m2/repository/org/slf4j/slf4j-api/1.7.32/slf4j-api-1.7.32.jar:/Users/snuntaviriya/.m2/repository/jakarta/xml/bind/jakarta.xml.bind-api/2.3.3/jakarta.xml.bind-api-2.3.3.jar:/Users/snuntaviriya/.m2/repository/jakarta/activation/jakarta.activation-api/1.2.2/jakarta.activation-api-1.2.2.jar:/Users/snuntaviriya/.m2/repository/org/assertj/assertj-core/3.21.0/assertj-core-3.21.0.jar:/Users/snuntaviriya/.m2/repository/org/hamcrest/hamcrest/2.2/hamcrest-2.2.jar:/Users/snuntaviriya/.m2/repository/org/junit/jupiter/junit-jupiter/5.8.1/junit-jupiter-5.8.1.jar:/Users/snuntaviriya/.m2/repository/org/junit/jupiter/junit-jupiter-api/5.8.1/junit-jupiter-api-5.8.1.jar:/Users/snuntaviriya/.m2/repository/org/opentest4j/opentest4j/1.2.0/opentest4j-1.2.0.jar:/Users/snuntaviriya/.m2/repository/org/junit/platform/junit-platform-commons/1.8.1/junit-platform-commons-1.8.1.jar:/Users/snuntaviriya/.m2/repository/org/apiguardian/apiguardian-api/1.1.2/apiguardian-api-1.1.2.jar:/Users/snuntaviriya/.m2/repository/org/junit/jupiter/junit-jupiter-params/5.8.1/junit-jupiter-params-5.8.1.jar:/Users/snuntaviriya/.m2/repository/org/junit/jupiter/junit-jupiter-engine/5.8.1/junit-jupiter-engine-5.8.1.jar:/Users/snuntaviriya/.m2/repository/org/junit/platform/junit-platform-engine/1.8.1/junit-platform-engine-1.8.1.jar:/Users/snuntaviriya/.m2/repository/org/mockito/mockito-core/4.0.0/mockito-core-4.0.0.jar:/Users/snuntaviriya/.m2/repository/net/bytebuddy/byte-buddy/1.11.22/byte-buddy-1.11.22.jar:/Users/snuntaviriya/.m2/repository/net/bytebuddy/byte-buddy-agent/1.11.22/byte-buddy-agent-1.11.22.jar:/Users/snuntaviriya/.m2/repository/org/objenesis/objenesis/3.2/objenesis-3.2.jar:/Users/snuntaviriya/.m2/repository/org/mockito/mockito-junit-jupiter/4.0.0/mockito-junit-jupiter-4.0.0.jar:/Users/snuntaviriya/.m2/repository/org/skyscreamer/jsonassert/1.5.0/jsonassert-1.5.0.jar:/Users/snuntaviriya/.m2/repository/com/vaadin/external/google/android-json/0.0.20131108.vaadin1/android-json-0.0.20131108.vaadin1.jar:/Users/snuntaviriya/.m2/repository/org/springframework/spring-core/5.3.13/spring-core-5.3.13.jar:/Users/snuntaviriya/.m2/repository/org/springframework/spring-test/5.3.13/spring-test-5.3.13.jar:/Users/snuntaviriya/.m2/repository/org/xmlunit/xmlunit-core/2.8.3/xmlunit-core-2.8.3.jar:"/>
    <property name="java.vm.vendor" value="Oracle Corporation"/>
    <property name="sun.arch.data.model" value="64"/>
    <property name="java.vendor.url" value="https://java.oracle.com/"/>
    <property name="os.name" value="Mac OS X"/>
    <property name="java.vm.specification.version" value="16"/>
    <property name="sun.java.launcher" value="SUN_STANDARD"/>
    <property name="user.country" value="TH"/>
    <property name="sun.boot.library.path" value="/Library/Java/JavaVirtualMachines/jdk-16.0.2.jdk/Contents/Home/lib"/>
    <property name="sun.java.command" value="/Users/snuntaviriya/Desktop/gemfire/gemfire-spring-poc/gemfire-backend/target/surefire/surefirebooter8898037753298545286.jar /Users/snuntaviriya/Desktop/gemfire/gemfire-spring-poc/gemfire-backend/target/surefire 2021-11-24T22-42-06_777-jvmRun1 surefire1639972144439011138tmp surefire_04172110504338694662tmp"/>
    <property name="jdk.debug" value="release"/>
    <property name="surefire.test.class.path" value="/Users/snuntaviriya/Desktop/gemfire/gemfire-spring-poc/gemfire-backend/target/test-classes:/Users/snuntaviriya/Desktop/gemfire/gemfire-spring-poc/gemfire-backend/target/classes:/Users/snuntaviriya/.m2/repository/org/springframework/boot/spring-boot-starter-web/2.6.0/spring-boot-starter-web-2.6.0.jar:/Users/snuntaviriya/.m2/repository/org/springframework/boot/spring-boot-starter/2.6.0/spring-boot-starter-2.6.0.jar:/Users/snuntaviriya/.m2/repository/org/springframework/boot/spring-boot/2.6.0/spring-boot-2.6.0.jar:/Users/snuntaviriya/.m2/repository/org/springframework/boot/spring-boot-autoconfigure/2.6.0/spring-boot-autoconfigure-2.6.0.jar:/Users/snuntaviriya/.m2/repository/org/springframework/boot/spring-boot-starter-logging/2.6.0/spring-boot-starter-logging-2.6.0.jar:/Users/snuntaviriya/.m2/repository/ch/qos/logback/logback-classic/1.2.7/logback-classic-1.2.7.jar:/Users/snuntaviriya/.m2/repository/ch/qos/logback/logback-core/1.2.7/logback-core-1.2.7.jar:/Users/snuntaviriya/.m2/repository/org/apache/logging/log4j/log4j-to-slf4j/2.14.1/log4j-to-slf4j-2.14.1.jar:/Users/snuntaviriya/.m2/repository/org/apache/logging/log4j/log4j-api/2.14.1/log4j-api-2.14.1.jar:/Users/snuntaviriya/.m2/repository/org/slf4j/jul-to-slf4j/1.7.32/jul-to-slf4j-1.7.32.jar:/Users/snuntaviriya/.m2/repository/jakarta/annotation/jakarta.annotation-api/1.3.5/jakarta.annotation-api-1.3.5.jar:/Users/snuntaviriya/.m2/repository/org/yaml/snakeyaml/1.29/snakeyaml-1.29.jar:/Users/snuntaviriya/.m2/repository/org/springframework/boot/spring-boot-starter-json/2.6.0/spring-boot-starter-json-2.6.0.jar:/Users/snuntaviriya/.m2/repository/com/fasterxml/jackson/core/jackson-databind/2.13.0/jackson-databind-2.13.0.jar:/Users/snuntaviriya/.m2/repository/com/fasterxml/jackson/core/jackson-annotations/2.13.0/jackson-annotations-2.13.0.jar:/Users/snuntaviriya/.m2/repository/com/fasterxml/jackson/core/jackson-core/2.13.0/jackson-core-2.13.0.jar:/Users/snuntaviriya/.m2/repository/com/fasterxml/jackson/datatype/jackson-datatype-jdk8/2.13.0/jackson-datatype-jdk8-2.13.0.jar:/Users/snuntaviriya/.m2/repository/com/fasterxml/jackson/datatype/jackson-datatype-jsr310/2.13.0/jackson-datatype-jsr310-2.13.0.jar:/Users/snuntaviriya/.m2/repository/com/fasterxml/jackson/module/jackson-module-parameter-names/2.13.0/jackson-module-parameter-names-2.13.0.jar:/Users/snuntaviriya/.m2/repository/org/springframework/boot/spring-boot-starter-tomcat/2.6.0/spring-boot-starter-tomcat-2.6.0.jar:/Users/snuntaviriya/.m2/repository/org/apache/tomcat/embed/tomcat-embed-core/9.0.55/tomcat-embed-core-9.0.55.jar:/Users/snuntaviriya/.m2/repository/org/apache/tomcat/embed/tomcat-embed-el/9.0.55/tomcat-embed-el-9.0.55.jar:/Users/snuntaviriya/.m2/repository/org/apache/tomcat/embed/tomcat-embed-websocket/9.0.55/tomcat-embed-websocket-9.0.55.jar:/Users/snuntaviriya/.m2/repository/org/springframework/spring-web/5.3.13/spring-web-5.3.13.jar:/Users/snuntaviriya/.m2/repository/org/springframework/spring-beans/5.3.13/spring-beans-5.3.13.jar:/Users/snuntaviriya/.m2/repository/org/springframework/spring-webmvc/5.3.13/spring-webmvc-5.3.13.jar:/Users/snuntaviriya/.m2/repository/org/springframework/spring-aop/5.3.13/spring-aop-5.3.13.jar:/Users/snuntaviriya/.m2/repository/org/springframework/spring-context/5.3.13/spring-context-5.3.13.jar:/Users/snuntaviriya/.m2/repository/org/springframework/spring-expression/5.3.13/spring-expression-5.3.13.jar:/Users/snuntaviriya/.m2/repository/org/springframework/geode/spring-geode-starter/1.6.0/spring-geode-starter-1.6.0.jar:/Users/snuntaviriya/.m2/repository/org/springframework/geode/spring-geode/1.6.0/spring-geode-1.6.0.jar:/Users/snuntaviriya/.m2/repository/org/springframework/data/spring-data-geode/2.6.0/spring-data-geode-2.6.0.jar:/Users/snuntaviriya/.m2/repository/org/apache/geode/geode-core/1.14.0/geode-core-1.14.0.jar:/Users/snuntaviriya/.m2/repository/io/micrometer/micrometer-core/1.8.0/micrometer-core-1.8.0.jar:/Users/snuntaviriya/.m2/repository/org/hdrhistogram/HdrHistogram/2.1.12/HdrHistogram-2.1.12.jar:/Users/snuntaviriya/.m2/repository/org/latencyutils/LatencyUtils/2.0.3/LatencyUtils-2.0.3.jar:/Users/snuntaviriya/.m2/repository/javax/resource/javax.resource-api/1.7.1/javax.resource-api-1.7.1.jar:/Users/snuntaviriya/.m2/repository/javax/transaction/javax.transaction-api/1.3/javax.transaction-api-1.3.jar:/Users/snuntaviriya/.m2/repository/org/apache/shiro/shiro-core/1.7.1/shiro-core-1.7.1.jar:/Users/snuntaviriya/.m2/repository/org/apache/shiro/shiro-lang/1.7.1/shiro-lang-1.7.1.jar:/Users/snuntaviriya/.m2/repository/org/apache/shiro/shiro-cache/1.7.1/shiro-cache-1.7.1.jar:/Users/snuntaviriya/.m2/repository/org/apache/shiro/shiro-crypto-hash/1.7.1/shiro-crypto-hash-1.7.1.jar:/Users/snuntaviriya/.m2/repository/org/apache/shiro/shiro-crypto-core/1.7.1/shiro-crypto-core-1.7.1.jar:/Users/snuntaviriya/.m2/repository/org/apache/shiro/shiro-crypto-cipher/1.7.1/shiro-crypto-cipher-1.7.1.jar:/Users/snuntaviriya/.m2/repository/org/apache/shiro/shiro-config-core/1.7.1/shiro-config-core-1.7.1.jar:/Users/snuntaviriya/.m2/repository/org/apache/shiro/shiro-config-ogdl/1.7.1/shiro-config-ogdl-1.7.1.jar:/Users/snuntaviriya/.m2/repository/org/apache/shiro/shiro-event/1.7.1/shiro-event-1.7.1.jar:/Users/snuntaviriya/.m2/repository/org/apache/geode/geode-common/1.14.0/geode-common-1.14.0.jar:/Users/snuntaviriya/.m2/repository/org/apache/geode/geode-management/1.14.0/geode-management-1.14.0.jar:/Users/snuntaviriya/.m2/repository/org/apache/httpcomponents/httpclient/4.5.13/httpclient-4.5.13.jar:/Users/snuntaviriya/.m2/repository/org/apache/httpcomponents/httpcore/4.4.14/httpcore-4.4.14.jar:/Users/snuntaviriya/.m2/repository/org/jgroups/jgroups/3.6.14.Final/jgroups-3.6.14.Final.jar:/Users/snuntaviriya/.m2/repository/commons-validator/commons-validator/1.7/commons-validator-1.7.jar:/Users/snuntaviriya/.m2/repository/commons-beanutils/commons-beanutils/1.9.4/commons-beanutils-1.9.4.jar:/Users/snuntaviriya/.m2/repository/commons-digester/commons-digester/2.1/commons-digester-2.1.jar:/Users/snuntaviriya/.m2/repository/commons-logging/commons-logging/1.2/commons-logging-1.2.jar:/Users/snuntaviriya/.m2/repository/commons-collections/commons-collections/3.2.2/commons-collections-3.2.2.jar:/Users/snuntaviriya/.m2/repository/javax/xml/bind/jaxb-api/2.3.1/jaxb-api-2.3.1.jar:/Users/snuntaviriya/.m2/repository/javax/activation/javax.activation-api/1.2.0/javax.activation-api-1.2.0.jar:/Users/snuntaviriya/.m2/repository/com/sun/xml/bind/jaxb-impl/2.3.2/jaxb-impl-2.3.2.jar:/Users/snuntaviriya/.m2/repository/org/apache/commons/commons-lang3/3.12.0/commons-lang3-3.12.0.jar:/Users/snuntaviriya/.m2/repository/it/unimi/dsi/fastutil/8.5.2/fastutil-8.5.2.jar:/Users/snuntaviriya/.m2/repository/net/java/dev/jna/jna/5.6.0/jna-5.6.0.jar:/Users/snuntaviriya/.m2/repository/net/java/dev/jna/jna-platform/5.6.0/jna-platform-5.6.0.jar:/Users/snuntaviriya/.m2/repository/net/sf/jopt-simple/jopt-simple/5.0.4/jopt-simple-5.0.4.jar:/Users/snuntaviriya/.m2/repository/io/github/classgraph/classgraph/4.8.52/classgraph-4.8.52.jar:/Users/snuntaviriya/.m2/repository/com/healthmarketscience/rmiio/rmiio/2.1.2/rmiio-2.1.2.jar:/Users/snuntaviriya/.m2/repository/org/apache/geode/geode-logging/1.14.0/geode-logging-1.14.0.jar:/Users/snuntaviriya/.m2/repository/org/apache/geode/geode-membership/1.14.0/geode-membership-1.14.0.jar:/Users/snuntaviriya/.m2/repository/com/github/stephenc/findbugs/findbugs-annotations/1.3.9-1/findbugs-annotations-1.3.9-1.jar:/Users/snuntaviriya/.m2/repository/org/apache/geode/geode-unsafe/1.14.0/geode-unsafe-1.14.0.jar:/Users/snuntaviriya/.m2/repository/org/apache/geode/geode-serialization/1.14.0/geode-serialization-1.14.0.jar:/Users/snuntaviriya/.m2/repository/org/apache/geode/geode-tcp-server/1.14.0/geode-tcp-server-1.14.0.jar:/Users/snuntaviriya/.m2/repository/com/sun/istack/istack-commons-runtime/4.0.0/istack-commons-runtime-4.0.0.jar:/Users/snuntaviriya/.m2/repository/org/apache/geode/geode-cq/1.14.0/geode-cq-1.14.0.jar:/Users/snuntaviriya/.m2/repository/org/apache/geode/geode-lucene/1.14.0/geode-lucene-1.14.0.jar:/Users/snuntaviriya/.m2/repository/org/apache/lucene/lucene-core/6.6.6/lucene-core-6.6.6.jar:/Users/snuntaviriya/.m2/repository/org/apache/geode/geode-gfsh/1.14.0/geode-gfsh-1.14.0.jar:/Users/snuntaviriya/.m2/repository/org/apache/lucene/lucene-analyzers-common/6.6.6/lucene-analyzers-common-6.6.6.jar:/Users/snuntaviriya/.m2/repository/org/apache/lucene/lucene-queryparser/6.6.6/lucene-queryparser-6.6.6.jar:/Users/snuntaviriya/.m2/repository/org/apache/lucene/lucene-queries/6.6.6/lucene-queries-6.6.6.jar:/Users/snuntaviriya/.m2/repository/mx4j/mx4j/3.0.2/mx4j-3.0.2.jar:/Users/snuntaviriya/.m2/repository/org/apache/lucene/lucene-analyzers-phonetic/6.6.6/lucene-analyzers-phonetic-6.6.6.jar:/Users/snuntaviriya/.m2/repository/commons-codec/commons-codec/1.15/commons-codec-1.15.jar:/Users/snuntaviriya/.m2/repository/org/apache/geode/geode-wan/1.14.0/geode-wan-1.14.0.jar:/Users/snuntaviriya/.m2/repository/org/springframework/spring-tx/5.3.13/spring-tx-5.3.13.jar:/Users/snuntaviriya/.m2/repository/org/springframework/data/spring-data-commons/2.6.0/spring-data-commons-2.6.0.jar:/Users/snuntaviriya/.m2/repository/antlr/antlr/2.7.7/antlr-2.7.7.jar:/Users/snuntaviriya/.m2/repository/org/apache/shiro/shiro-spring/1.7.1/shiro-spring-1.7.1.jar:/Users/snuntaviriya/.m2/repository/org/apache/shiro/shiro-web/1.7.1/shiro-web-1.7.1.jar:/Users/snuntaviriya/.m2/repository/org/owasp/encoder/encoder/1.2.2/encoder-1.2.2.jar:/Users/snuntaviriya/.m2/repository/org/aspectj/aspectjweaver/1.9.7/aspectjweaver-1.9.7.jar:/Users/snuntaviriya/.m2/repository/org/springframework/geode/apache-geode-extensions/1.6.0/apache-geode-extensions-1.6.0.jar:/Users/snuntaviriya/.m2/repository/org/springframework/spring-context-support/5.3.13/spring-context-support-5.3.13.jar:/Users/snuntaviriya/.m2/repository/org/springframework/spring-jcl/5.3.13/spring-jcl-5.3.13.jar:/Users/snuntaviriya/.m2/repository/org/springframework/geode/spring-geode-autoconfigure/1.6.0/spring-geode-autoconfigure-1.6.0.jar:/Users/snuntaviriya/.m2/repository/org/springframework/shell/spring-shell/1.2.0.RELEASE/spring-shell-1.2.0.RELEASE.jar:/Users/snuntaviriya/.m2/repository/com/google/guava/guava/17.0/guava-17.0.jar:/Users/snuntaviriya/.m2/repository/jline/jline/2.12/jline-2.12.jar:/Users/snuntaviriya/.m2/repository/commons-io/commons-io/2.4/commons-io-2.4.jar:/Users/snuntaviriya/.m2/repository/org/springframework/boot/spring-boot-starter-test/2.6.0/spring-boot-starter-test-2.6.0.jar:/Users/snuntaviriya/.m2/repository/org/springframework/boot/spring-boot-test/2.6.0/spring-boot-test-2.6.0.jar:/Users/snuntaviriya/.m2/repository/org/springframework/boot/spring-boot-test-autoconfigure/2.6.0/spring-boot-test-autoconfigure-2.6.0.jar:/Users/snuntaviriya/.m2/repository/com/jayway/jsonpath/json-path/2.6.0/json-path-2.6.0.jar:/Users/snuntaviriya/.m2/repository/net/minidev/json-smart/2.4.7/json-smart-2.4.7.jar:/Users/snuntaviriya/.m2/repository/net/minidev/accessors-smart/2.4.7/accessors-smart-2.4.7.jar:/Users/snuntaviriya/.m2/repository/org/ow2/asm/asm/9.1/asm-9.1.jar:/Users/snuntaviriya/.m2/repository/org/slf4j/slf4j-api/1.7.32/slf4j-api-1.7.32.jar:/Users/snuntaviriya/.m2/repository/jakarta/xml/bind/jakarta.xml.bind-api/2.3.3/jakarta.xml.bind-api-2.3.3.jar:/Users/snuntaviriya/.m2/repository/jakarta/activation/jakarta.activation-api/1.2.2/jakarta.activation-api-1.2.2.jar:/Users/snuntaviriya/.m2/repository/org/assertj/assertj-core/3.21.0/assertj-core-3.21.0.jar:/Users/snuntaviriya/.m2/repository/org/hamcrest/hamcrest/2.2/hamcrest-2.2.jar:/Users/snuntaviriya/.m2/repository/org/junit/jupiter/junit-jupiter/5.8.1/junit-jupiter-5.8.1.jar:/Users/snuntaviriya/.m2/repository/org/junit/jupiter/junit-jupiter-api/5.8.1/junit-jupiter-api-5.8.1.jar:/Users/snuntaviriya/.m2/repository/org/opentest4j/opentest4j/1.2.0/opentest4j-1.2.0.jar:/Users/snuntaviriya/.m2/repository/org/junit/platform/junit-platform-commons/1.8.1/junit-platform-commons-1.8.1.jar:/Users/snuntaviriya/.m2/repository/org/apiguardian/apiguardian-api/1.1.2/apiguardian-api-1.1.2.jar:/Users/snuntaviriya/.m2/repository/org/junit/jupiter/junit-jupiter-params/5.8.1/junit-jupiter-params-5.8.1.jar:/Users/snuntaviriya/.m2/repository/org/junit/jupiter/junit-jupiter-engine/5.8.1/junit-jupiter-engine-5.8.1.jar:/Users/snuntaviriya/.m2/repository/org/junit/platform/junit-platform-engine/1.8.1/junit-platform-engine-1.8.1.jar:/Users/snuntaviriya/.m2/repository/org/mockito/mockito-core/4.0.0/mockito-core-4.0.0.jar:/Users/snuntaviriya/.m2/repository/net/bytebuddy/byte-buddy/1.11.22/byte-buddy-1.11.22.jar:/Users/snuntaviriya/.m2/repository/net/bytebuddy/byte-buddy-agent/1.11.22/byte-buddy-agent-1.11.22.jar:/Users/snuntaviriya/.m2/repository/org/objenesis/objenesis/3.2/objenesis-3.2.jar:/Users/snuntaviriya/.m2/repository/org/mockito/mockito-junit-jupiter/4.0.0/mockito-junit-jupiter-4.0.0.jar:/Users/snuntaviriya/.m2/repository/org/skyscreamer/jsonassert/1.5.0/jsonassert-1.5.0.jar:/Users/snuntaviriya/.m2/repository/com/vaadin/external/google/android-json/0.0.20131108.vaadin1/android-json-0.0.20131108.vaadin1.jar:/Users/snuntaviriya/.m2/repository/org/springframework/spring-core/5.3.13/spring-core-5.3.13.jar:/Users/snuntaviriya/.m2/repository/org/springframework/spring-test/5.3.13/spring-test-5.3.13.jar:/Users/snuntaviriya/.m2/repository/org/xmlunit/xmlunit-core/2.8.3/xmlunit-core-2.8.3.jar:"/>
    <property name="sun.cpu.endian" value="little"/>
    <property name="user.home" value="/Users/snuntaviriya"/>
    <property name="user.language" value="en"/>
    <property name="java.specification.vendor" value="Oracle Corporation"/>
    <property name="java.version.date" value="2021-07-20"/>
    <property name="java.home" value="/Library/Java/JavaVirtualMachines/jdk-16.0.2.jdk/Contents/Home"/>
    <property name="file.separator" value="/"/>
    <property name="basedir" value="/Users/snuntaviriya/Desktop/gemfire/gemfire-spring-poc/gemfire-backend"/>
    <property name="java.vm.compressedOopsMode" value="Zero based"/>
    <property name="line.separator" value="&#10;"/>
    <property name="java.vm.specification.vendor" value="Oracle Corporation"/>
    <property name="java.specification.name" value="Java Platform API Specification"/>
    <property name="surefire.real.class.path" value="/Users/snuntaviriya/Desktop/gemfire/gemfire-spring-poc/gemfire-backend/target/surefire/surefirebooter8898037753298545286.jar"/>
    <property name="sun.management.compiler" value="HotSpot 64-Bit Tiered Compilers"/>
    <property name="java.runtime.version" value="16.0.2+7-67"/>
    <property name="user.name" value="snuntaviriya"/>
    <property name="path.separator" value=":"/>
    <property name="os.version" value="10.15.7"/>
    <property name="java.runtime.name" value="Java(TM) SE Runtime Environment"/>
    <property name="file.encoding" value="UTF-8"/>
    <property name="java.vm.name" value="Java HotSpot(TM) 64-Bit Server VM"/>
    <property name="localRepository" value="/Users/snuntaviriya/.m2/repository"/>
    <property name="java.vendor.url.bug" value="https://bugreport.java.com/bugreport/"/>
    <property name="java.io.tmpdir" value="/var/folders/2l/9dqrg0h53t98f04_0j48_gv40000gp/T/"/>
    <property name="idea.version" value="2021.2.1"/>
    <property name="java.version" value="16.0.2"/>
    <property name="user.dir" value="/Users/snuntaviriya/Desktop/gemfire/gemfire-spring-poc/gemfire-backend"/>
    <property name="os.arch" value="x86_64"/>
    <property name="java.vm.specification.name" value="Java Virtual Machine Specification"/>
    <property name="java.library.path" value="/Users/snuntaviriya/Library/Java/Extensions:/Library/Java/Extensions:/Network/Library/Java/Extensions:/System/Library/Java/Extensions:/usr/lib/java:."/>
    <property name="java.vm.info" value="mixed mode, sharing"/>
    <property name="java.vendor" value="Oracle Corporation"/>
    <property name="java.vm.version" value="16.0.2+7-67"/>
    <property name="sun.io.unicode.encoding" value="UnicodeBig"/>
    <property name="java.class.version" value="60.0"/>
  </properties>
  <testcase name="contextLoads" classname="com.example.gemfirebackend.GemfireBackendApplicationTests" time="0.389"/>
</testsuite>